camerarecorder/build/intermediates/manifest_merge_blame_file/debug/manifest-merger-blame-debug-report.txt
1<?xml version="1.0" encoding="utf-8"?>
2<manifest xmlns:android="http://schemas.android.com/apk/res/android"
3    xmlns:tools="http://schemas.android.com/tools"
4    package="com.kalasa.library" >
5
6    <uses-sdk
7        android:minSdkVersion="24"
7-->src\main\AndroidManifest.xml
8        android:targetSdkVersion="29" />
8-->src\main\AndroidManifest.xml
9
10    <uses-permission android:name="android.permission.RECORD_AUDIO" />
10-->src\main\AndroidManifest.xml:5:5-71
10-->src\main\AndroidManifest.xml:5:22-68
11    <uses-permission android:name="android.permission.READ_EXTERNAL_STORAGE" />
11-->src\main\AndroidManifest.xml:6:5-80
11-->src\main\AndroidManifest.xml:6:22-77
12    <uses-permission android:name="android.permission.INTERNET" />
12-->src\main\AndroidManifest.xml:7:5-67
12-->src\main\AndroidManifest.xml:7:22-64
13    <uses-permission android:name="android.permission.ACCESS_NETWORK_STATE" />
13-->src\main\AndroidManifest.xml:8:5-79
13-->src\main\AndroidManifest.xml:8:22-76
14
15    <uses-feature android:name="android.hardware.camera" />
15-->src\main\AndroidManifest.xml:9:5-60
15-->src\main\AndroidManifest.xml:9:19-57
16    <uses-feature android:name="android.hardware.camera.autofocus" />
16-->src\main\AndroidManifest.xml:10:5-70
16-->src\main\AndroidManifest.xml:10:19-67
17
18    <uses-permission android:name="android.permission.CAMERA" />
18-->src\main\AndroidManifest.xml:11:5-65
18-->src\main\AndroidManifest.xml:11:22-62
19    <uses-permission android:name="android.permission.WRITE_EXTERNAL_STORAGE" />
19-->src\main\AndroidManifest.xml:12:5-80
19-->src\main\AndroidManifest.xml:12:22-78
20    <uses-permission android:name="android.permission.RECORD_AUDIO" />
20-->src\main\AndroidManifest.xml:5:5-71
20-->src\main\AndroidManifest.xml:5:22-68
21
22    <application
22-->src\main\AndroidManifest.xml:14:5-182:19
23        android:allowBackup="true"
23-->src\main\AndroidManifest.xml:15:9-35
24        android:label="@string/app_name"
24-->src\main\AndroidManifest.xml:16:9-41
25        android:supportsRtl="true"
25-->src\main\AndroidManifest.xml:17:9-35
26        android:theme="@style/AppTheme" >
26-->src\main\AndroidManifest.xml:18:9-40
27        <activity
27-->src\main\AndroidManifest.xml:19:9-21:51
28            android:name="com.daasuu.camerarecorder.ui.activity.VideoRecyclerActivity"
28-->src\main\AndroidManifest.xml:20:13-87
29            android:screenOrientation="portrait" />
29-->src\main\AndroidManifest.xml:21:13-49
30        <activity
30-->src\main\AndroidManifest.xml:22:9-24:51
31            android:name="com.daasuu.camerarecorder.EntryActivity"
31-->src\main\AndroidManifest.xml:23:13-67
32            android:screenOrientation="portrait" />
32-->src\main\AndroidManifest.xml:24:13-49
33        <activity
33-->src\main\AndroidManifest.xml:25:9-27:51
34            android:name="com.daasuu.camerarecorder.FirstEntryActivity"
34-->src\main\AndroidManifest.xml:26:13-72
35            android:screenOrientation="portrait" />
35-->src\main\AndroidManifest.xml:27:13-49
36        <activity
36-->src\main\AndroidManifest.xml:28:9-30:51
37            android:name="com.daasuu.camerarecorder.VideoProcessActivity"
37-->src\main\AndroidManifest.xml:29:13-74
38            android:screenOrientation="portrait" />
38-->src\main\AndroidManifest.xml:30:13-49
39        <activity
39-->src\main\AndroidManifest.xml:31:9-33:51
40            android:name="com.daasuu.camerarecorder.ZoomVideoActivity"
40-->src\main\AndroidManifest.xml:32:13-71
41            android:screenOrientation="portrait" />
41-->src\main\AndroidManifest.xml:33:13-49
42        <activity
42-->src\main\AndroidManifest.xml:34:9-36:51
43            android:name="com.daasuu.camerarecorder.ZoomMultiActivity"
43-->src\main\AndroidManifest.xml:35:13-71
44            android:screenOrientation="portrait" />
44-->src\main\AndroidManifest.xml:36:13-49
45        <activity
45-->src\main\AndroidManifest.xml:37:9-39:51
46            android:name="com.daasuu.camerarecorder.StoryVideoActivity"
46-->src\main\AndroidManifest.xml:38:13-72
47            android:screenOrientation="portrait" />
47-->src\main\AndroidManifest.xml:39:13-49
48        <activity
48-->src\main\AndroidManifest.xml:40:9-43:51
49            android:name="com.daasuu.camerarecorder.AddGiffOnVideoActivity"
49-->src\main\AndroidManifest.xml:41:13-76
50            android:screenOrientation="portrait"
50-->src\main\AndroidManifest.xml:43:13-49
51            android:theme="@style/Theme.AppCompat.Transaprent" />
51-->src\main\AndroidManifest.xml:42:13-63
52        <activity
52-->src\main\AndroidManifest.xml:44:9-46:51
53            android:name="com.daasuu.camerarecorder.BaseCameraActivity"
53-->src\main\AndroidManifest.xml:45:13-72
54            android:screenOrientation="portrait" />
54-->src\main\AndroidManifest.xml:46:13-49
55        <activity
55-->src\main\AndroidManifest.xml:47:9-49:51
56            android:name="com.daasuu.camerarecorder.CommentActivity"
56-->src\main\AndroidManifest.xml:48:13-69
57            android:screenOrientation="portrait" />
57-->src\main\AndroidManifest.xml:49:13-49
58        <activity
58-->src\main\AndroidManifest.xml:50:9-52:51
59            android:name="com.daasuu.camerarecorder.ZoomActivity"
59-->src\main\AndroidManifest.xml:51:13-66
60            android:screenOrientation="portrait" />
60-->src\main\AndroidManifest.xml:52:13-49
61        <activity
61-->src\main\AndroidManifest.xml:53:9-55:51
62            android:name="com.daasuu.camerarecorder.CollageActivity"
62-->src\main\AndroidManifest.xml:54:13-69
63            android:screenOrientation="portrait" />
63-->src\main\AndroidManifest.xml:55:13-49
64        <activity
64-->src\main\AndroidManifest.xml:56:9-58:51
65            android:name="com.daasuu.camerarecorder.StatusOptionsActivity"
65-->src\main\AndroidManifest.xml:57:13-75
66            android:screenOrientation="portrait" />
66-->src\main\AndroidManifest.xml:58:13-49
67        <activity
67-->src\main\AndroidManifest.xml:59:9-61:51
68            android:name="com.daasuu.camerarecorder.ProfileCropper"
68-->src\main\AndroidManifest.xml:60:13-68
69            android:screenOrientation="portrait" />
69-->src\main\AndroidManifest.xml:61:13-49
70        <activity
70-->src\main\AndroidManifest.xml:62:9-65:51
71            android:name="com.daasuu.camerarecorder.CustomDateActivity"
71-->src\main\AndroidManifest.xml:63:13-72
72            android:screenOrientation="portrait"
72-->src\main\AndroidManifest.xml:65:13-49
73            android:theme="@style/Theme.AppCompat.Transaprent" />
73-->src\main\AndroidManifest.xml:64:13-63
74        <activity
74-->src\main\AndroidManifest.xml:66:9-69:52
75            android:name="com.daasuu.camerarecorder.FastAndSlowVideoMotionActivity"
75-->src\main\AndroidManifest.xml:67:13-84
76            android:screenOrientation="portrait"
76-->src\main\AndroidManifest.xml:69:13-49
77            android:theme="@style/Theme.AppCompat.SelfLucent" />
77-->src\main\AndroidManifest.xml:68:13-62
78        <activity
78-->src\main\AndroidManifest.xml:70:9-73:51
79            android:name="com.daasuu.camerarecorder.SearchGiffActivity"
79-->src\main\AndroidManifest.xml:71:13-72
80            android:screenOrientation="portrait"
80-->src\main\AndroidManifest.xml:73:13-49
81            android:theme="@style/Theme.AppCompat.Transaprent" />
81-->src\main\AndroidManifest.xml:72:13-63
82        <activity
82-->src\main\AndroidManifest.xml:74:9-78:52
83            android:name="com.daasuu.camerarecorder.UpdateProfileActivity"
83-->src\main\AndroidManifest.xml:75:13-75
84            android:screenOrientation="portrait"
84-->src\main\AndroidManifest.xml:78:13-49
85            android:theme="@style/Theme.AppCompat.Transaprent"
85-->src\main\AndroidManifest.xml:77:13-63
86            android:windowSoftInputMode="adjustPan" />
86-->src\main\AndroidManifest.xml:76:13-52
87        <activity
87-->src\main\AndroidManifest.xml:79:9-81:52
88            android:name="com.daasuu.camerarecorder.AddCommentActivity"
88-->src\main\AndroidManifest.xml:80:13-72
89            android:screenOrientation="portrait" />
89-->src\main\AndroidManifest.xml:81:13-49
90        <activity
90-->src\main\AndroidManifest.xml:82:9-84:52
91            android:name="com.daasuu.camerarecorder.CombineImagesActivity"
91-->src\main\AndroidManifest.xml:83:13-75
92            android:screenOrientation="portrait" />
92-->src\main\AndroidManifest.xml:84:13-49
93        <activity
93-->src\main\AndroidManifest.xml:85:9-87:52
94            android:name="com.daasuu.camerarecorder.ExtractAudioActivity"
94-->src\main\AndroidManifest.xml:86:13-74
95            android:screenOrientation="portrait" />
95-->src\main\AndroidManifest.xml:87:13-49
96        <activity
96-->src\main\AndroidManifest.xml:88:9-91:52
97            android:name="com.daasuu.camerarecorder.ShowUpdateActivity"
97-->src\main\AndroidManifest.xml:89:13-72
98            android:screenOrientation="portrait"
98-->src\main\AndroidManifest.xml:91:13-49
99            android:theme="@style/Theme.AppCompat.Transaprent" />
99-->src\main\AndroidManifest.xml:90:13-63
100        <activity
100-->src\main\AndroidManifest.xml:92:9-95:52
101            android:name="com.daasuu.camerarecorder.AddTextOnVideoActivity"
101-->src\main\AndroidManifest.xml:93:13-76
102            android:screenOrientation="portrait"
102-->src\main\AndroidManifest.xml:95:13-49
103            android:theme="@style/Theme.AppCompat.SelfLucent" />
103-->src\main\AndroidManifest.xml:94:13-62
104        <activity
104-->src\main\AndroidManifest.xml:96:9-99:52
105            android:name="com.daasuu.camerarecorder.ReverseVideoActivity"
105-->src\main\AndroidManifest.xml:97:13-74
106            android:screenOrientation="portrait"
106-->src\main\AndroidManifest.xml:99:13-49
107            android:theme="@style/Theme.AppCompat.SelfLucent" />
107-->src\main\AndroidManifest.xml:98:13-62
108        <activity
108-->src\main\AndroidManifest.xml:100:9-102:52
109            android:name="com.daasuu.camerarecorder.MergeImageAndMP3Activity"
109-->src\main\AndroidManifest.xml:101:13-78
110            android:screenOrientation="portrait" />
110-->src\main\AndroidManifest.xml:102:13-49
111        <activity
111-->src\main\AndroidManifest.xml:103:9-106:52
112            android:name="com.daasuu.camerarecorder.LikeActivity"
112-->src\main\AndroidManifest.xml:104:13-66
113            android:screenOrientation="portrait"
113-->src\main\AndroidManifest.xml:106:13-49
114            android:theme="@style/Theme.AppCompat.Transaprent" />
114-->src\main\AndroidManifest.xml:105:13-63
115        <activity
115-->src\main\AndroidManifest.xml:107:9-110:52
116            android:name="com.daasuu.camerarecorder.LikeActivity2"
116-->src\main\AndroidManifest.xml:108:13-67
117            android:screenOrientation="portrait"
117-->src\main\AndroidManifest.xml:110:13-49
118            android:theme="@style/Theme.AppCompat.Transaprent" />
118-->src\main\AndroidManifest.xml:109:13-63
119        <activity
119-->src\main\AndroidManifest.xml:111:9-114:52
120            android:name="com.daasuu.camerarecorder.PopupMenuAcitivty"
120-->src\main\AndroidManifest.xml:112:13-71
121            android:screenOrientation="portrait"
121-->src\main\AndroidManifest.xml:114:13-49
122            android:theme="@style/Theme.AppCompat.Transaprent" />
122-->src\main\AndroidManifest.xml:113:13-63
123        <activity
123-->src\main\AndroidManifest.xml:115:9-117:52
124            android:name="com.daasuu.camerarecorder.MessageActivity"
124-->src\main\AndroidManifest.xml:116:13-69
125            android:screenOrientation="portrait" />
125-->src\main\AndroidManifest.xml:117:13-49
126        <activity
126-->src\main\AndroidManifest.xml:118:9-121:52
127            android:name="com.daasuu.camerarecorder.AddWaterMarkOnVideoActivity"
127-->src\main\AndroidManifest.xml:119:13-81
128            android:screenOrientation="portrait"
128-->src\main\AndroidManifest.xml:121:13-49
129            android:theme="@style/Theme.AppCompat.SelfLucent" />
129-->src\main\AndroidManifest.xml:120:13-62
130        <activity
130-->src\main\AndroidManifest.xml:122:9-125:52
131            android:name="com.daasuu.camerarecorder.SpeechManipulatorActivity"
131-->src\main\AndroidManifest.xml:123:13-79
132            android:screenOrientation="portrait"
132-->src\main\AndroidManifest.xml:125:13-49
133            android:theme="@style/Theme.AppCompat.SelfLucent" />
133-->src\main\AndroidManifest.xml:124:13-62
134        <activity
134-->src\main\AndroidManifest.xml:126:9-129:52
135            android:name="com.daasuu.camerarecorder.CombineVideosActivity"
135-->src\main\AndroidManifest.xml:127:13-75
136            android:screenOrientation="portrait"
136-->src\main\AndroidManifest.xml:129:13-49
137            android:theme="@style/Theme.AppCompat.Transaprent" />
137-->src\main\AndroidManifest.xml:128:13-63
138        <activity
138-->src\main\AndroidManifest.xml:130:9-132:52
139            android:name="com.daasuu.camerarecorder.IntroActivity"
139-->src\main\AndroidManifest.xml:131:13-67
140            android:screenOrientation="portrait" />
140-->src\main\AndroidManifest.xml:132:13-49
141        <activity
141-->src\main\AndroidManifest.xml:133:9-135:52
142            android:name="com.daasuu.camerarecorder.CombineImageAndVideoActivity"
142-->src\main\AndroidManifest.xml:134:13-82
143            android:screenOrientation="portrait" />
143-->src\main\AndroidManifest.xml:135:13-49
144        <activity
144-->src\main\AndroidManifest.xml:136:9-138:52
145            android:name="com.daasuu.camerarecorder.MergeAudioVideoActivity"
145-->src\main\AndroidManifest.xml:137:13-77
146            android:screenOrientation="portrait" />
146-->src\main\AndroidManifest.xml:138:13-49
147        <activity
147-->src\main\AndroidManifest.xml:139:9-141:52
148            android:name="com.daasuu.camerarecorder.RemoveAudioFromVideoActivity"
148-->src\main\AndroidManifest.xml:140:13-82
149            android:screenOrientation="portrait" />
149-->src\main\AndroidManifest.xml:141:13-49
150        <activity
150-->src\main\AndroidManifest.xml:142:9-144:52
151            android:name="com.daasuu.camerarecorder.ImageToVideoConvertActivity"
151-->src\main\AndroidManifest.xml:143:13-81
152            android:screenOrientation="portrait" />
152-->src\main\AndroidManifest.xml:144:13-49
153        <activity
153-->src\main\AndroidManifest.xml:145:9-147:52
154            android:name="com.daasuu.camerarecorder.VideoRotateFlipActivity"
154-->src\main\AndroidManifest.xml:146:13-77
155            android:screenOrientation="portrait" />
155-->src\main\AndroidManifest.xml:147:13-49
156        <activity
156-->src\main\AndroidManifest.xml:148:9-150:52
157            android:name="com.daasuu.camerarecorder.CutVideoUsingTimeActivity"
157-->src\main\AndroidManifest.xml:149:13-79
158            android:screenOrientation="portrait" />
158-->src\main\AndroidManifest.xml:150:13-49
159        <activity
159-->src\main\AndroidManifest.xml:151:9-153:52
160            android:name="com.daasuu.camerarecorder.VideoToGifActivity"
160-->src\main\AndroidManifest.xml:152:13-72
161            android:screenOrientation="portrait" />
161-->src\main\AndroidManifest.xml:153:13-49
162        <activity
162-->src\main\AndroidManifest.xml:154:9-156:52
163            android:name="com.daasuu.camerarecorder.ExtraOptionsActivity"
163-->src\main\AndroidManifest.xml:155:13-74
164            android:screenOrientation="portrait" />
164-->src\main\AndroidManifest.xml:156:13-49
165        <activity
165-->src\main\AndroidManifest.xml:157:9-159:52
166            android:name="com.daasuu.camerarecorder.OptionsList"
166-->src\main\AndroidManifest.xml:158:13-65
167            android:screenOrientation="portrait" />
167-->src\main\AndroidManifest.xml:159:13-49
168        <activity
168-->src\main\AndroidManifest.xml:160:9-162:52
169            android:name="com.daasuu.camerarecorder.TrimMainActivity"
169-->src\main\AndroidManifest.xml:161:13-70
170            android:screenOrientation="portrait" />
170-->src\main\AndroidManifest.xml:162:13-49
171        <activity
171-->src\main\AndroidManifest.xml:163:9-165:52
172            android:name="com.daasuu.camerarecorder.ProcessActivity"
172-->src\main\AndroidManifest.xml:164:13-69
173            android:screenOrientation="portrait" />
173-->src\main\AndroidManifest.xml:165:13-49
174        <activity
174-->src\main\AndroidManifest.xml:166:9-168:52
175            android:name="com.daasuu.camerarecorder.MainFrameActivity"
175-->src\main\AndroidManifest.xml:167:13-71
176            android:screenOrientation="portrait" />
176-->src\main\AndroidManifest.xml:168:13-49
177        <activity
177-->src\main\AndroidManifest.xml:169:9-171:52
178            android:name="com.daasuu.camerarecorder.PlaygroundActivity"
178-->src\main\AndroidManifest.xml:170:13-72
179            android:screenOrientation="portrait" />
179-->src\main\AndroidManifest.xml:171:13-49
180        <activity
180-->src\main\AndroidManifest.xml:172:9-175:45
181            android:name="com.daasuu.camerarecorder.TrimmerActivity"
181-->src\main\AndroidManifest.xml:173:13-69
182            android:screenOrientation="portrait"
182-->src\main\AndroidManifest.xml:174:13-49
183            tools:ignore="Instantiatable" />
183-->src\main\AndroidManifest.xml:175:13-42
184        <activity
184-->src\main\AndroidManifest.xml:176:9-178:52
185            android:name="com.daasuu.camerarecorder.VoiceRecorderActivity"
185-->src\main\AndroidManifest.xml:177:13-75
186            android:screenOrientation="portrait" />
186-->src\main\AndroidManifest.xml:178:13-49
187
188        <meta-data
188-->src\main\AndroidManifest.xml:179:9-181:57
189            android:name="preloaded_fonts"
189-->src\main\AndroidManifest.xml:180:13-43
190            android:resource="@array/preloaded_fonts" />
190-->src\main\AndroidManifest.xml:181:13-54
191    </application>
192
193</manifest>